<?xml version="1.0" encoding="UTF-8"?>
<testsuite xmlns:xsi="http://www.w3.org/2001/XMLSchema-instance" xsi:noNamespaceSchemaLocation="https://maven.apache.org/surefire/maven-surefire-plugin/xsd/surefire-test-report.xsd" name="controller.PostControllerTest" time="0.095" tests="4" errors="0" skipped="0" failures="0">
  <properties>
[...]
</properties>
  <testcase name="dislikePost" classname="controller.PostControllerTest" time="0.016"/>
  <testcase name="likePost" classname="controller.PostControllerTest" time="0"/>
  <testcase name="deletePost" classname="controller.PostControllerTest" time="0.003"/>
  <testcase name="newPostTest" classname="controller.PostControllerTest" time="0.004"/>
</testsuite>